2020-03-11 14:51:38.466  INFO 46321 --- [main] .a.s.SpringBoot03LoggingApplicationTests : Starting SpringBoot03LoggingApplicationTests on Mac.local with PID 46321 (started by andyron in /Users/andyron/myfield/github/LearnSpring/尚硅谷SpringBoot教程/spring-boot-03-logging)
2020-03-11 14:51:38.473 DEBUG 46321 --- [main] .a.s.SpringBoot03LoggingApplicationTests : Running with Spring Boot v2.2.5.RELEASE, Spring v5.2.4.RELEASE
2020-03-11 14:51:38.475  INFO 46321 --- [main] .a.s.SpringBoot03LoggingApplicationTests : No active profile set, falling back to default profiles: default
2020-03-11 14:51:41.305  INFO 46321 --- [main] o.s.s.concurrent.ThreadPoolTaskExecutor  : Initializing ExecutorService 'applicationTaskExecutor'
2020-03-11 14:51:41.817  INFO 46321 --- [main] .a.s.SpringBoot03LoggingApplicationTests : Started SpringBoot03LoggingApplicationTests in 4.916 seconds (JVM running for 10.076)
2020-03-11 14:51:42.787 TRACE 46321 --- [main] .a.s.SpringBoot03LoggingApplicationTests : 这是trace日志...
2020-03-11 14:51:42.787 DEBUG 46321 --- [main] .a.s.SpringBoot03LoggingApplicationTests : 这是debug日志...
2020-03-11 14:51:42.787  INFO 46321 --- [main] .a.s.SpringBoot03LoggingApplicationTests : 这是info日志...
2020-03-11 14:51:42.788  WARN 46321 --- [main] .a.s.SpringBoot03LoggingApplicationTests : 这是warn日志...
2020-03-11 14:51:42.789 ERROR 46321 --- [main] .a.s.SpringBoot03LoggingApplicationTests : 这是error日志...
2020-03-11 14:51:42.821  INFO 46321 --- [SpringContextShutdownHook] o.s.s.concurrent.ThreadPoolTaskExecutor  : Shutting down ExecutorService 'applicationTaskExecutor'
2020-03-11 14:58:27.538  INFO 46361 --- [main] .a.s.SpringBoot03LoggingApplicationTests : Starting SpringBoot03LoggingApplicationTests on Mac.local with PID 46361 (started by andyron in /Users/andyron/myfield/github/LearnSpring/尚硅谷SpringBoot教程/spring-boot-03-logging)
2020-03-11 14:58:27.541 DEBUG 46361 --- [main] .a.s.SpringBoot03LoggingApplicationTests : Running with Spring Boot v2.2.5.RELEASE, Spring v5.2.4.RELEASE
2020-03-11 14:58:27.541  INFO 46361 --- [main] .a.s.SpringBoot03LoggingApplicationTests : No active profile set, falling back to default profiles: default
2020-03-11 14:58:30.149  INFO 46361 --- [main] o.s.s.concurrent.ThreadPoolTaskExecutor  : Initializing ExecutorService 'applicationTaskExecutor'
2020-03-11 14:58:30.511  INFO 46361 --- [main] .a.s.SpringBoot03LoggingApplicationTests : Started SpringBoot03LoggingApplicationTests in 4.087 seconds (JVM running for 6.892)
2020-03-11 14:58:31.234 TRACE 46361 --- [main] .a.s.SpringBoot03LoggingApplicationTests : 这是trace日志...
2020-03-11 14:58:31.235 DEBUG 46361 --- [main] .a.s.SpringBoot03LoggingApplicationTests : 这是debug日志...
2020-03-11 14:58:31.235  INFO 46361 --- [main] .a.s.SpringBoot03LoggingApplicationTests : 这是info日志...
2020-03-11 14:58:31.235  WARN 46361 --- [main] .a.s.SpringBoot03LoggingApplicationTests : 这是warn日志...
2020-03-11 14:58:31.235 ERROR 46361 --- [main] .a.s.SpringBoot03LoggingApplicationTests : 这是error日志...
2020-03-11 14:58:31.270  INFO 46361 --- [SpringContextShutdownHook] o.s.s.concurrent.ThreadPoolTaskExecutor  : Shutting down ExecutorService 'applicationTaskExecutor'
2020-03-11 14:59:12.888  INFO 46366 --- [main] .a.s.SpringBoot03LoggingApplicationTests : Starting SpringBoot03LoggingApplicationTests on Mac.local with PID 46366 (started by andyron in /Users/andyron/myfield/github/LearnSpring/尚硅谷SpringBoot教程/spring-boot-03-logging)
2020-03-11 14:59:12.892 DEBUG 46366 --- [main] .a.s.SpringBoot03LoggingApplicationTests : Running with Spring Boot v2.2.5.RELEASE, Spring v5.2.4.RELEASE
2020-03-11 14:59:12.893  INFO 46366 --- [main] .a.s.SpringBoot03LoggingApplicationTests : No active profile set, falling back to default profiles: default
2020-03-11 14:59:15.525  INFO 46366 --- [main] o.s.s.concurrent.ThreadPoolTaskExecutor  : Initializing ExecutorService 'applicationTaskExecutor'
2020-03-11 14:59:16.295  INFO 46366 --- [main] .a.s.SpringBoot03LoggingApplicationTests : Started SpringBoot03LoggingApplicationTests in 4.844 seconds (JVM running for 7.488)
2020-03-11 14:59:17.400 TRACE 46366 --- [main] .a.s.SpringBoot03LoggingApplicationTests : 这是trace日志...
2020-03-11 14:59:17.405 DEBUG 46366 --- [main] .a.s.SpringBoot03LoggingApplicationTests : 这是debug日志...
2020-03-11 14:59:17.407  INFO 46366 --- [main] .a.s.SpringBoot03LoggingApplicationTests : 这是info日志...
2020-03-11 14:59:17.408  WARN 46366 --- [main] .a.s.SpringBoot03LoggingApplicationTests : 这是warn日志...
2020-03-11 14:59:17.410 ERROR 46366 --- [main] .a.s.SpringBoot03LoggingApplicationTests : 这是error日志...
2020-03-11 14:59:17.472  INFO 46366 --- [SpringContextShutdownHook] o.s.s.concurrent.ThreadPoolTaskExecutor  : Shutting down ExecutorService 'applicationTaskExecutor'
